C:\Users\jp-pe\source\repos\ProEventos\Front\ProEventos-App\dist\out-tsc\app\app-routing.module.js
C:\Users\jp-pe\source\repos\ProEventos\Front\ProEventos-App\dist\out-tsc\app\app-routing.module.js.map
C:\Users\jp-pe\source\repos\ProEventos\Front\ProEventos-App\dist\out-tsc\app\app.component.js
C:\Users\jp-pe\source\repos\ProEventos\Front\ProEventos-App\dist\out-tsc\app\app.component.js.map
C:\Users\jp-pe\source\repos\ProEventos\Front\ProEventos-App\dist\out-tsc\app\eventos\eventos.component.js
C:\Users\jp-pe\source\repos\ProEventos\Front\ProEventos-App\dist\out-tsc\app\eventos\eventos.component.js.map
C:\Users\jp-pe\source\repos\ProEventos\Front\ProEventos-App\dist\out-tsc\app\palestrantes\palestrantes.component.js
C:\Users\jp-pe\source\repos\ProEventos\Front\ProEventos-App\dist\out-tsc\app\palestrantes\palestrantes.component.js.map
C:\Users\jp-pe\source\repos\ProEventos\Front\ProEventos-App\dist\out-tsc\app\app.module.js
C:\Users\jp-pe\source\repos\ProEventos\Front\ProEventos-App\dist\out-tsc\app\app.module.js.map
C:\Users\jp-pe\source\repos\ProEventos\Front\ProEventos-App\dist\out-tsc\environments\environment.js
C:\Users\jp-pe\source\repos\ProEventos\Front\ProEventos-App\dist\out-tsc\environments\environment.js.map
C:\Users\jp-pe\source\repos\ProEventos\Front\ProEventos-App\dist\out-tsc\main.js
C:\Users\jp-pe\source\repos\ProEventos\Front\ProEventos-App\dist\out-tsc\main.js.map
C:\Users\jp-pe\source\repos\ProEventos\Front\ProEventos-App\dist\out-tsc\polyfills.js
C:\Users\jp-pe\source\repos\ProEventos\Front\ProEventos-App\dist\out-tsc\polyfills.js.map
C:\Users\jp-pe\source\repos\ProEventos\Front\ProEventos-App\dist\out-tsc\test.js
C:\Users\jp-pe\source\repos\ProEventos\Front\ProEventos-App\dist\out-tsc\test.js.map
C:\Users\jp-pe\source\repos\ProEventos\Front\ProEventos-App\dist\out-tsc\app\app.component.spec.js
C:\Users\jp-pe\source\repos\ProEventos\Front\ProEventos-App\dist\out-tsc\app\app.component.spec.js.map
C:\Users\jp-pe\source\repos\ProEventos\Front\ProEventos-App\dist\out-tsc\app\eventos\eventos.component.spec.js
C:\Users\jp-pe\source\repos\ProEventos\Front\ProEventos-App\dist\out-tsc\app\eventos\eventos.component.spec.js.map
C:\Users\jp-pe\source\repos\ProEventos\Front\ProEventos-App\dist\out-tsc\app\palestrantes\palestrantes.component.spec.js
C:\Users\jp-pe\source\repos\ProEventos\Front\ProEventos-App\dist\out-tsc\app\palestrantes\palestrantes.component.spec.js.map
C:\Users\jp-pe\source\repos\ProEventos\Front\ProEventos-App\dist\out-tsc\environments\environment.prod.js
C:\Users\jp-pe\source\repos\ProEventos\Front\ProEventos-App\dist\out-tsc\environments\environment.prod.js.map
